<?xml version="1.0" encoding="UTF-8"?>
<!-- Generated by org.testng.reporters.JUnitReportReporter -->
<testsuite hostname="Computer-3418" name="com.qh.cucumber.testProject.RunTest" tests="1" failures="0" timestamp="25 Apr 2017 22:52:52 GMT" time="23.897" errors="0">
  <testcase name="feature" time="23.897" classname="com.qh.cucumber.testProject.RunTest"/>
</testsuite> <!-- com.qh.cucumber.testProject.RunTest -->
