<?xml version="1.0" encoding="UTF-8"?>
<!-- Generated by org.testng.reporters.JUnitReportReporter -->
<testsuite skipped="0" hostname="SRIMERLA1967" name="com.phptravels.testcases.HotelPageTest" tests="3" failures="0" timestamp="13 Jun 2019 01:47:34 GMT" time="34.011" errors="0">
  <testcase name="setUp" time="29.097" classname="com.phptravels.testcases.HotelPageTest"/>
  <testcase name="clickSearch" time="1.721" classname="com.phptravels.testcases.HotelPageTest"/>
  <testcase name="tearDown" time="3.193" classname="com.phptravels.testcases.HotelPageTest"/>
</testsuite> <!-- com.phptravels.testcases.HotelPageTest -->
