<?xml version="1.0" encoding="UTF-8"?>
<!-- Generated by org.testng.reporters.JUnitReportReporter -->
<testsuite skipped="0" hostname="SRIMERLA1967" name="com.phptravels.testcases.HomePageTest" tests="7" failures="0" timestamp="11 Jun 2019 16:17:09 GMT" time="52.306" errors="0">
  <testcase name="setup" time="23.711" classname="com.phptravels.testcases.HomePageTest"/>
  <testcase name="userProfilename" time="2.161" classname="com.phptravels.testcases.HomePageTest"/>
  <testcase name="checkHomePageTitle" time="2.040" classname="com.phptravels.testcases.HomePageTest"/>
  <testcase name="HotelPage" time="5.989" classname="com.phptravels.testcases.HomePageTest"/>
  <testcase name="FlightPage" time="6.554" classname="com.phptravels.testcases.HomePageTest"/>
  <testcase name="ToursPage" time="6.478" classname="com.phptravels.testcases.HomePageTest"/>
  <testcase name="teardown" time="5.373" classname="com.phptravels.testcases.HomePageTest"/>
</testsuite> <!-- com.phptravels.testcases.HomePageTest -->
