<?xml version="1.0" encoding="UTF-8"?>
<!-- Generated by org.testng.reporters.JUnitReportReporter -->
<testsuite skipped="0" hostname="SRIMERLA1967" name="com.phptravels.testcases.LoginPageTest" tests="2" failures="0" timestamp="11 Jun 2019 13:34:23 GMT" time="48.757" errors="0">
  <testcase name="loginPageTitle" time="16.670" classname="com.phptravels.testcases.LoginPageTest"/>
  <testcase name="loggedInPage" time="32.087" classname="com.phptravels.testcases.LoginPageTest"/>
</testsuite> <!-- com.phptravels.testcases.LoginPageTest -->
